<?xml version="1.0" encoding="UTF-8"?>
<!-- Generated by org.testng.reporters.JUnitXMLReporter -->
<testsuite ignored="2" hostname="Kavya" failures="0" tests="1" name="Default test" time="19.45" errors="0" timestamp="2023-04-25T22:08:32 IST">
  <testcase classname="com.webmath.testcases.PlotsAndGeometryLinkTest" name="validateDoItButton" time="11.288"/>
  <testcase classname="com.webmath.testcases.PlotsAndGeometryLinkTest" name="validatePlotsAndGeometryLink" time="0.0">
    <ignored/>
  </testcase> <!-- validatePlotsAndGeometryLink -->
  <testcase classname="com.webmath.testcases.PlotsAndGeometryLinkTest" name="validateBoxesLink" time="0.0">
    <ignored/>
  </testcase> <!-- validateBoxesLink -->
</testsuite> <!-- Default test -->
