<?xml version="1.0" encoding="UTF-8"?>
<!-- Generated by org.testng.reporters.JUnitXMLReporter -->
<testsuite ignored="0" hostname="Kavya" failures="1" tests="15" name="Test" time="206.637" errors="0" timestamp="2023-04-25T14:43:30 IST">
  <testcase classname="com.webmath.testcases.MathforEveryoneLinkTest" name="validateHelpTryingMathProblemLink" time="2.242"/>
  <testcase classname="com.webmath.testcases.MathforEveryoneLinkTest" name="validateMathforEveryoneLink" time="2.835"/>
  <testcase classname="com.webmath.testcases.MathforEveryoneLinkTest" name="validatePlanetDropdown" time="8.037"/>
  <testcase classname="com.webmath.testcases.MathforEveryoneLinkTest" name="validateWeighButton" time="5.422"/>
  <testcase classname="com.webmath.testcases.MathforEveryoneLinkTest" name="validateWeightonAnotherPlanetlink" time="3.315"/>
  <testcase classname="com.webmath.testcases.AlgebraLinkTest" name="validateAlgebraLink" time="2.283"/>
  <testcase classname="com.webmath.testcases.AlgebraLinkTest" name="validateSimplifyButton" time="12.198"/>
  <testcase classname="com.webmath.testcases.AlgebraLinkTest" name="validateSquareRootsLink" time="6.194"/>
  <testcase classname="com.webmath.testcases.HomeLinkTest" name="validateHomeLink" time="3.632"/>
  <testcase classname="com.webmath.testcases.HomeLinkTest" name="validateMathHelpItemDropdown" time="7.11"/>
  <testcase classname="com.webmath.testcases.HomeLinkTest" name="validateMultiplicationTextbox" time="4.466"/>
  <testcase classname="com.webmath.testcases.HomeLinkTest" name="validateMultiplyButton" time="12.704"/>
  <testcase classname="com.webmath.testcases.PlotsAndGeometryLinkTest" name="validateBoxesLink" time="8.068"/>
  <testcase classname="com.webmath.testcases.PlotsAndGeometryLinkTest" name="validateDoItButton" time="6.391">
    <failure type="java.lang.AssertionError" message="Actual Result The volume of this box is 3000.Expected Result 3000 expected [3000] but found [The volume of this box is 3000.]">
      <![CDATA[java.lang.AssertionError: Actual Result The volume of this box is 3000.Expected Result 3000 expected [3000] but found [The volume of this box is 3000.]
at com.webmath.pages.PlotsAndGeometryLinkPage.doItButton(PlotsAndGeometryLinkPage.java:54)
at com.webmath.testcases.PlotsAndGeometryLinkTest.validateDoItButton(PlotsAndGeometryLinkTest.java:41)
at java.base/java.util.ArrayList.forEach(ArrayList.java:1511)
... Removed 31 stack frames]]>
    </failure>
  </testcase> <!-- validateDoItButton -->
  <testcase classname="com.webmath.testcases.PlotsAndGeometryLinkTest" name="validatePlotsAndGeometryLink" time="2.315"/>
</testsuite> <!-- Test -->
