<?xml version="1.0" encoding="UTF-8"?>
<testng-results ignored="2" total="3" passed="1" failed="0" skipped="0">
  <reporter-output>
  </reporter-output>
  <suite started-at="2023-04-25T22:08:13 IST" name="Default suite" finished-at="2023-04-25T22:08:32 IST" duration-ms="19450">
    <groups>
    </groups>
    <test started-at="2023-04-25T22:08:13 IST" name="Default test" finished-at="2023-04-25T22:08:32 IST" duration-ms="19450">
      <class name="com.webmath.testcases.PlotsAndGeometryLinkTest">
        <test-method is-config="true" signature="browserConfig()[pri:0, instance:com.webmath.testcases.PlotsAndGeometryLinkTest@dbf57b3]" started-at="2023-04-25T22:08:13 IST" name="browserConfig" finished-at="2023-04-25T22:08:21 IST" duration-ms="8125" status="PASS">
          <reporter-output>
          </reporter-output>
        </test-method> <!-- browserConfig -->
        <test-method signature="validateDoItButton()[pri:0, instance:com.webmath.testcases.PlotsAndGeometryLinkTest@dbf57b3]" started-at="2023-04-25T22:08:21 IST" name="validateDoItButton" finished-at="2023-04-25T22:08:32 IST" duration-ms="11288" status="PASS">
          <reporter-output>
          </reporter-output>
        </test-method> <!-- validateDoItButton -->
      </class> <!-- com.webmath.testcases.PlotsAndGeometryLinkTest -->
    </test> <!-- Default test -->
  </suite> <!-- Default suite -->
</testng-results>
